
*** Running vivado
    with args -log top_level.vdi -applog -m64 -messageDb vivado.pb -mode batch -source top_level.tcl -notrace


****** Vivado v2014.4 (64-bit)
  **** SW Build 1071353 on Tue Nov 18 16:47:07 MST 2014
  **** IP Build 1070531 on Tue Nov 18 01:10:18 MST 2014
    ** Copyright 1986-2014 Xilinx, Inc. All Rights Reserved.

source top_level.tcl -notrace
Command: open_checkpoint /home/kjell/fpga_dev/fpga_mcu_main/proj/mcu_main/mcu_main.runs/impl_1/top_level.dcp
INFO: [Netlist 29-17] Analyzing 260 Unisim elements for replacement
INFO: [Netlist 29-28] Unisim Transformation completed in 0 CPU seconds
INFO: [Project 1-479] Netlist was created with Vivado 2014.4
Loading clock regions from /opt/Xilinx/Vivado/2014.4/data/parts/xilinx/artix7/artix7/xc7a200t/ClockRegion.xml
Loading clock buffers from /opt/Xilinx/Vivado/2014.4/data/parts/xilinx/artix7/artix7/xc7a200t/ClockBuffers.xml
Loading clock placement rules from /opt/Xilinx/Vivado/2014.4/data/parts/xilinx/artix7/ClockPlacerRules.xml
Loading package pin functions from /opt/Xilinx/Vivado/2014.4/data/parts/xilinx/artix7/PinFunctions.xml...
Loading package from /opt/Xilinx/Vivado/2014.4/data/parts/xilinx/artix7/artix7/xc7a200t/fbg484/Package.xml
Loading io standards from /opt/Xilinx/Vivado/2014.4/data/./parts/xilinx/artix7/IOStandards.xml
Loading device configuration modes from /opt/Xilinx/Vivado/2014.4/data/parts/xilinx/artix7/ConfigModes.xml
INFO: [Project 1-570] Preparing netlist for logic optimization
Parsing XDC File [/home/kjell/fpga_dev/fpga_mcu_main/proj/mcu_main/mcu_main.runs/impl_1/.Xil/Vivado-49239-ubuntu/dcp/top_level_board.xdc]
Finished Parsing XDC File [/home/kjell/fpga_dev/fpga_mcu_main/proj/mcu_main/mcu_main.runs/impl_1/.Xil/Vivado-49239-ubuntu/dcp/top_level_board.xdc]
Parsing XDC File [/home/kjell/fpga_dev/fpga_mcu_main/proj/mcu_main/mcu_main.runs/impl_1/.Xil/Vivado-49239-ubuntu/dcp/top_level_early.xdc]
INFO: [Timing 38-35] Done setting XDC timing constraints. [/home/kjell/fpga_dev/fpga_mcu_main/proj/mcu_main/mcu_main.srcs/sources_1/bd/mcu/ip/mcu_clk_wiz_1_0/mcu_clk_wiz_1_0.xdc:56]
INFO: [Timing 38-2] Deriving generated clocks [/home/kjell/fpga_dev/fpga_mcu_main/proj/mcu_main/mcu_main.srcs/sources_1/bd/mcu/ip/mcu_clk_wiz_1_0/mcu_clk_wiz_1_0.xdc:56]
get_clocks: Time (s): cpu = 00:00:11 ; elapsed = 00:00:11 . Memory (MB): peak = 1654.211 ; gain = 499.656 ; free physical = 1091 ; free virtual = 12359
Finished Parsing XDC File [/home/kjell/fpga_dev/fpga_mcu_main/proj/mcu_main/mcu_main.runs/impl_1/.Xil/Vivado-49239-ubuntu/dcp/top_level_early.xdc]
Parsing XDC File [/home/kjell/fpga_dev/fpga_mcu_main/proj/mcu_main/mcu_main.runs/impl_1/.Xil/Vivado-49239-ubuntu/dcp/top_level.xdc]
Finished Parsing XDC File [/home/kjell/fpga_dev/fpga_mcu_main/proj/mcu_main/mcu_main.runs/impl_1/.Xil/Vivado-49239-ubuntu/dcp/top_level.xdc]
Parsing XDC File [/home/kjell/fpga_dev/fpga_mcu_main/proj/mcu_main/mcu_main.runs/impl_1/.Xil/Vivado-49239-ubuntu/dcp/top_level_late.xdc]
Finished Parsing XDC File [/home/kjell/fpga_dev/fpga_mcu_main/proj/mcu_main/mcu_main.runs/impl_1/.Xil/Vivado-49239-ubuntu/dcp/top_level_late.xdc]
Reading XDEF placement.
Reading placer database...
Reading XDEF routing.
Read XDEF File: Time (s): cpu = 00:00:00.01 ; elapsed = 00:00:00.02 . Memory (MB): peak = 1657.211 ; gain = 2.000 ; free physical = 1089 ; free virtual = 12357
Restored from archive | CPU: 0.020000 secs | Memory: 0.012527 MB |
Finished XDEF File Restore: Time (s): cpu = 00:00:00.01 ; elapsed = 00:00:00.02 . Memory (MB): peak = 1657.211 ; gain = 2.000 ; free physical = 1089 ; free virtual = 12357
INFO: [Opt 31-138] Pushed 0 inverter(s) to 0 load pin(s).

INFO: [Project 1-111] Unisim Transformation Summary:
  A total of 132 instances were transformed.
  IOBUF => IOBUF (IBUF, OBUFT): 4 instances
  LUT6_2 => LUT6_2 (LUT5, LUT6): 80 instances
  RAM16X1D => RAM32X1D (RAMD32, RAMD32): 32 instances
  RAM32M => RAM32M (RAMD32, RAMD32, RAMD32, RAMD32, RAMD32, RAMD32, RAMS32, RAMS32): 16 instances

INFO: [Project 1-484] Checkpoint was created with build 1071353
open_checkpoint: Time (s): cpu = 00:00:19 ; elapsed = 00:00:19 . Memory (MB): peak = 1658.211 ; gain = 841.293 ; free physical = 1090 ; free virtual = 12356
Command: opt_design
Attempting to get a license for feature 'Implementation' and/or device 'xc7a200t'
INFO: [Common 17-349] Got license for feature 'Implementation' and/or device 'xc7a200t'
Running DRC as a precondition to command opt_design

Starting DRC Task
INFO: [Drc 23-27] Running DRC with 4 threads
INFO: [Project 1-461] DRC finished with 0 Errors
INFO: [Project 1-462] Please refer to the DRC report (report_drc) for more information.

Time (s): cpu = 00:00:00.17 ; elapsed = 00:00:00.18 . Memory (MB): peak = 1680.449 ; gain = 5.922 ; free physical = 1086 ; free virtual = 12352

Starting Logic Optimization Task

Phase 1 Generate And Synthesize Debug Cores
INFO: [IP_Flow 19-234] Refreshing IP repositories
INFO: [IP_Flow 19-1700] Loaded user IP repository '/home/kjell/fpga_dev/fpga_mcu_main/proj/mcu_main/mcu_main.cache/ip'.
INFO: [IP_Flow 19-2313] Loaded Vivado IP repository '/opt/Xilinx/Vivado/2014.4/data/ip'.
INFO: [IP_Flow 19-3806] Processing IP xilinx.com:ip:xsdbm:1.0 for cell dbg_hub_CV.
INFO: [Chipscope 16-220] Re-using generated and synthesized IP, "xilinx.com:ip:xsdbm:1.0", from Vivado IP cache entry "4f0aeb7f".
INFO: [IP_Flow 19-3806] Processing IP xilinx.com:ip:ila:5.0 for cell u_ila_0_CV.
Netlist sorting complete. Time (s): cpu = 00:00:00.04 ; elapsed = 00:00:00.05 . Memory (MB): peak = 1708.473 ; gain = 0.000 ; free physical = 1157 ; free virtual = 12310
Phase 1 Generate And Synthesize Debug Cores | Checksum: 129a05b64

Time (s): cpu = 00:02:25 ; elapsed = 00:02:33 . Memory (MB): peak = 1708.473 ; gain = 28.023 ; free physical = 1157 ; free virtual = 12310
WARNING: [Constraints 18-1079] Register dbg_hub/inst/UUT_MASTER/U_ICON_INTERFACE/U_CMD6_RD/U_RD_FIFO/SUBCORE_FIFO.xsdbm_v1_0_rdfifo_inst/inst_fifo_gen/gconvfifo.rf/grf.rf/rstblk/ngwrdrst.grst.g7serrst.rd_rst_asreg_reg and dbg_hub/inst/UUT_MASTER/U_ICON_INTERFACE/U_CMD6_RD/U_RD_FIFO/SUBCORE_FIFO.xsdbm_v1_0_rdfifo_inst/inst_fifo_gen/gconvfifo.rf/grf.rf/rstblk/ngwrdrst.grst.g7serrst.rd_rst_asreg_d1_reg are from the same synchronizer and have the ASYNC_REG property set, but could not be placed into the same slice due to constraints or mismatched control signals on the registers.
WARNING: [Constraints 18-1079] Register dbg_hub/inst/UUT_MASTER/U_ICON_INTERFACE/U_CMD6_RD/U_RD_FIFO/SUBCORE_FIFO.xsdbm_v1_0_rdfifo_inst/inst_fifo_gen/gconvfifo.rf/grf.rf/rstblk/ngwrdrst.grst.g7serrst.wr_rst_asreg_reg and dbg_hub/inst/UUT_MASTER/U_ICON_INTERFACE/U_CMD6_RD/U_RD_FIFO/SUBCORE_FIFO.xsdbm_v1_0_rdfifo_inst/inst_fifo_gen/gconvfifo.rf/grf.rf/rstblk/ngwrdrst.grst.g7serrst.wr_rst_asreg_d1_reg are from the same synchronizer and have the ASYNC_REG property set, but could not be placed into the same slice due to constraints or mismatched control signals on the registers.
WARNING: [Constraints 18-1079] Register dbg_hub/inst/UUT_MASTER/U_ICON_INTERFACE/U_CMD6_WR/U_WR_FIFO/SUBCORE_FIFO.xsdbm_v1_0_wrfifo_inst/inst_fifo_gen/gconvfifo.rf/grf.rf/rstblk/ngwrdrst.grst.g7serrst.rd_rst_asreg_reg and dbg_hub/inst/UUT_MASTER/U_ICON_INTERFACE/U_CMD6_WR/U_WR_FIFO/SUBCORE_FIFO.xsdbm_v1_0_wrfifo_inst/inst_fifo_gen/gconvfifo.rf/grf.rf/rstblk/ngwrdrst.grst.g7serrst.rd_rst_asreg_d1_reg are from the same synchronizer and have the ASYNC_REG property set, but could not be placed into the same slice due to constraints or mismatched control signals on the registers.
WARNING: [Constraints 18-1079] Register dbg_hub/inst/UUT_MASTER/U_ICON_INTERFACE/U_CMD6_WR/U_WR_FIFO/SUBCORE_FIFO.xsdbm_v1_0_wrfifo_inst/inst_fifo_gen/gconvfifo.rf/grf.rf/rstblk/ngwrdrst.grst.g7serrst.wr_rst_asreg_reg and dbg_hub/inst/UUT_MASTER/U_ICON_INTERFACE/U_CMD6_WR/U_WR_FIFO/SUBCORE_FIFO.xsdbm_v1_0_wrfifo_inst/inst_fifo_gen/gconvfifo.rf/grf.rf/rstblk/ngwrdrst.grst.g7serrst.wr_rst_asreg_d1_reg are from the same synchronizer and have the ASYNC_REG property set, but could not be placed into the same slice due to constraints or mismatched control signals on the registers.
INFO: [Timing 38-35] Done setting XDC timing constraints.

Phase 2 Retarget

INFO: [Opt 31-138] Pushed 5 inverter(s) to 9 load pin(s).
INFO: [Opt 31-49] Retargeted 0 cell(s).
Phase 2 Retarget | Checksum: 13804f215

Time (s): cpu = 00:02:27 ; elapsed = 00:02:35 . Memory (MB): peak = 1729.473 ; gain = 49.023 ; free physical = 1149 ; free virtual = 12302

Phase 3 Constant Propagation
INFO: [Opt 31-138] Pushed 22 inverter(s) to 28 load pin(s).
INFO: [Opt 31-10] Eliminated 606 cells.
Phase 3 Constant Propagation | Checksum: 12b185709

Time (s): cpu = 00:02:29 ; elapsed = 00:02:37 . Memory (MB): peak = 1729.473 ; gain = 49.023 ; free physical = 1147 ; free virtual = 12300

Phase 4 Sweep
WARNING: [Opt 31-6] Deleting driverless net: mcu_i/mcu_core_system/microblaze_0/U0/MicroBlaze_Core_I/Performance.Core/Data_Flow_I/EX_Op1_Zero.
WARNING: [Opt 31-6] Deleting driverless net: mcu_i/mcu_core_system/microblaze_0/U0/MicroBlaze_Core_I/Performance.Core/Data_Flow_I/ALU_I/EX_CarryIn.
WARNING: [Opt 31-6] Deleting driverless net: mcu_i/mcu_core_system/microblaze_0/U0/MicroBlaze_Core_I/Performance.Core/Data_Flow_I/ALU_I/ALL_Bits[0].ALU_Bit_I1/EX_CarryIn.
WARNING: [Opt 31-6] Deleting driverless net: mcu_i/mcu_core_system/microblaze_0/U0/MicroBlaze_Core_I/Performance.Core/Data_Flow_I/ALU_I/ALL_Bits[1].ALU_Bit_I1/EX_CarryOut.
WARNING: [Opt 31-6] Deleting driverless net: mcu_i/mcu_core_system/microblaze_0/U0/MicroBlaze_Core_I/Performance.Core/Data_Flow_I/Zero_Detect_I/EX_Op1_Zero.
WARNING: [Opt 31-6] Deleting driverless net: mcu_i/mcu_core_system/microblaze_0/U0/MicroBlaze_Core_I/Performance.Core/Decode_I/EX_Op1_Zero.
WARNING: [Opt 31-6] Deleting driverless net: mcu_i/mcu_core_system/microblaze_0/U0/MicroBlaze_Core_I/Performance.Core/Decode_I/MEM_DataBus_Ready.
WARNING: [Opt 31-6] Deleting driverless net: mcu_i/mcu_core_system/microblaze_0/U0/MicroBlaze_Core_I/Performance.Core/Decode_I/Use_MuxCy[2].OF_Piperun_Stage/Carry_OUT.
WARNING: [Opt 31-6] Deleting driverless net: mcu_i/mcu_core_system/microblaze_0/U0/MicroBlaze_Core_I/Performance.Core/Decode_I/Use_MuxCy[3].OF_Piperun_Stage/Carry_IN.
WARNING: [Opt 31-6] Deleting driverless net: mcu_i/mcu_core_system/microblaze_0/U0/MicroBlaze_Core_I/Performance.Core/Decode_I/Use_MuxCy[4].OF_Piperun_Stage/Carry_OUT.
WARNING: [Opt 31-6] Deleting driverless net: mcu_i/mcu_core_system/microblaze_0/U0/MicroBlaze_Core_I/Performance.Core/Decode_I/Use_MuxCy[5].OF_Piperun_Stage/Carry_IN.
WARNING: [Opt 31-6] Deleting driverless net: mcu_i/mcu_core_system/microblaze_0/U0/MicroBlaze_Core_I/Performance.Core/Decode_I/Use_MuxCy[6].OF_Piperun_Stage/Carry_OUT.
WARNING: [Opt 31-6] Deleting driverless net: mcu_i/mcu_core_system/microblaze_0/U0/MicroBlaze_Core_I/Performance.Core/Decode_I/Use_MuxCy[7].OF_Piperun_Stage/Carry_IN.
WARNING: [Opt 31-6] Deleting driverless net: mcu_i/mcu_core_system/microblaze_0/U0/MicroBlaze_Core_I/Performance.Core/Decode_I/Use_MuxCy[7].OF_Piperun_Stage/Carry_OUT.
WARNING: [Opt 31-6] Deleting driverless net: mcu_i/mcu_core_system/microblaze_0/U0/MicroBlaze_Core_I/Performance.Core/Decode_I/Use_MuxCy[8].OF_Piperun_Stage/Carry_IN.
WARNING: [Opt 31-6] Deleting driverless net: mcu_i/mcu_core_system/microblaze_0/U0/MicroBlaze_Core_I/Performance.Core/Decode_I/Use_MuxCy[8].OF_Piperun_Stage/Carry_OUT.
WARNING: [Opt 31-6] Deleting driverless net: mcu_i/mcu_core_system/microblaze_0/U0/MicroBlaze_Core_I/Performance.Core/Decode_I/Use_MuxCy[9].OF_Piperun_Stage/Carry_IN.
WARNING: [Opt 31-6] Deleting driverless net: mcu_i/mcu_core_system/microblaze_0/U0/MicroBlaze_Core_I/Performance.Core/Decode_I/Using_PC_Incr_Dbg_or_Prot.if_pc_incr_carry_and_1/Carry_IN.
WARNING: [Opt 31-6] Deleting driverless net: mcu_i/mcu_core_system/microblaze_0/U0/MicroBlaze_Core_I/Performance.Core/Decode_I/Using_PC_Incr_Dbg_or_Prot.if_pc_incr_carry_and_1/Carry_OUT.
WARNING: [Opt 31-6] Deleting driverless net: mcu_i/mcu_core_system/microblaze_0/U0/MicroBlaze_Core_I/Performance.Core/Decode_I/if_pc_incr_carry_and_0/Carry_OUT.
WARNING: [Opt 31-6] Deleting driverless net: mcu_i/mcu_core_system/microblaze_0/U0/MicroBlaze_Core_I/Performance.Core/Decode_I/if_pc_incr_carry_and_3/Carry_IN.
WARNING: [Opt 31-6] Deleting driverless net: mcu_i/mcu_core_system/microblaze_0/U0/MicroBlaze_Core_I/Performance.Core/Decode_I/jump_logic_I1/EX_Op1_Zero.
WARNING: [Opt 31-6] Deleting driverless net: mcu_i/mcu_core_system/microblaze_0/U0/MicroBlaze_Core_I/Performance.Core/Decode_I/mem_PipeRun_carry_and/Carry_IN.
WARNING: [Opt 31-6] Deleting driverless net: mcu_i/mcu_core_system/microblaze_0/U0/MicroBlaze_Core_I/Performance.Core/Decode_I/mem_wait_on_ready_N_carry_or/Carry_IN.
WARNING: [Opt 31-6] Deleting driverless net: mcu_i/mcu_core_system/microblaze_0/U0/MicroBlaze_Core_I/Performance.Core/Decode_I/mem_wait_on_ready_N_carry_or/Carry_OUT.
WARNING: [Opt 31-6] Deleting driverless net: mcu_i/mcu_core_system/microblaze_0/U0/MicroBlaze_Core_I/Performance.Core/mem_databus_ready_sel_carry_or/Carry_OUT.
INFO: [Opt 31-12] Eliminated 4728 unconnected nets.
INFO: [Opt 31-140] Inserted 0 IBUFs to IO ports without IO buffers.
INFO: [Opt 31-141] Inserted 0 OBUFs to IO ports without IO buffers.
INFO: [Opt 31-11] Eliminated 2460 unconnected cells.
Phase 4 Sweep | Checksum: 129ca4f3b

Time (s): cpu = 00:02:32 ; elapsed = 00:02:40 . Memory (MB): peak = 1729.473 ; gain = 49.023 ; free physical = 1147 ; free virtual = 12300
Ending Logic Optimization Task | Checksum: 129ca4f3b

Time (s): cpu = 00:02:32 ; elapsed = 00:02:40 . Memory (MB): peak = 1729.473 ; gain = 49.023 ; free physical = 1147 ; free virtual = 12300
Implement Debug Cores | Checksum: 16972e4c5
Logic Optimization | Checksum: 149d3928b

Starting Power Optimization Task
INFO: [Pwropt 34-132] Skipping clock gating for clocks with a period < 3.12 ns.
INFO: [Pwropt 34-9] Applying IDT optimizations ...
INFO: [Pwropt 34-10] Applying ODC optimizations ...


Starting PowerOpt Patch Enables Task
INFO: [Pwropt 34-162] WRITE_MODE attribute of 0 BRAM(s) out of a total of 28 has been updated to save power. Run report_power_opt to get a complete listing of the BRAMs updated.
INFO: [Pwropt 34-201] Structural ODC has moved 0 WE to EN ports
Number of BRAM Ports augmented: 12 newly gated: 0 Total Ports: 56
Number of Flops added for Enable Generation: 1

Ending PowerOpt Patch Enables Task | Checksum: 876c7ae3

Time (s): cpu = 00:00:00.03 ; elapsed = 00:00:00.03 . Memory (MB): peak = 1793.480 ; gain = 0.000 ; free physical = 1080 ; free virtual = 12233
Ending Power Optimization Task | Checksum: 876c7ae3

Time (s): cpu = 00:00:04 ; elapsed = 00:00:04 . Memory (MB): peak = 1793.480 ; gain = 64.008 ; free physical = 1080 ; free virtual = 12233
INFO: [Common 17-83] Releasing license: Implementation
34 Infos, 30 Warnings, 0 Critical Warnings and 0 Errors encountered.
opt_design completed successfully
opt_design: Time (s): cpu = 00:02:36 ; elapsed = 00:02:44 . Memory (MB): peak = 1793.480 ; gain = 135.270 ; free physical = 1080 ; free virtual = 12233
Writing placer database...
Writing XDEF routing.
Writing XDEF routing logical nets.
Writing XDEF routing special nets.
Write XDEF Complete: Time (s): cpu = 00:00:00.03 ; elapsed = 00:00:00.03 . Memory (MB): peak = 1809.480 ; gain = 0.000 ; free physical = 1079 ; free virtual = 12233
INFO: [Drc 23-27] Running DRC with 4 threads
INFO: [Coretcl 2-168] The results of DRC are in file /home/kjell/fpga_dev/fpga_mcu_main/proj/mcu_main/mcu_main.runs/impl_1/top_level_drc_opted.rpt.
Command: place_design
Attempting to get a license for feature 'Implementation' and/or device 'xc7a200t'
INFO: [Common 17-349] Got license for feature 'Implementation' and/or device 'xc7a200t'
INFO: [Drc 23-27] Running DRC with 4 threads
INFO: [Vivado_Tcl 4-198] DRC finished with 0 Errors
INFO: [Vivado_Tcl 4-199] Please refer to the DRC report (report_drc) for more information.
Running DRC as a precondition to command place_design
INFO: [Drc 23-27] Running DRC with 4 threads
INFO: [Vivado_Tcl 4-198] DRC finished with 0 Errors
INFO: [Vivado_Tcl 4-199] Please refer to the DRC report (report_drc) for more information.

Starting Placer Task
INFO: [Place 30-611] Multithreading enabled for place_design using a maximum of 4 CPUs

Phase 1 Placer Runtime Estimator
Phase 1 Placer Runtime Estimator | Checksum: 553d3b3b

Time (s): cpu = 00:00:00.12 ; elapsed = 00:00:00.12 . Memory (MB): peak = 1809.496 ; gain = 0.000 ; free physical = 1076 ; free virtual = 12230

Phase 2 Placer Initialization

Phase 2.1 Placer Initialization Core
Netlist sorting complete. Time (s): cpu = 00:00:00.03 ; elapsed = 00:00:00.03 . Memory (MB): peak = 1809.496 ; gain = 0.000 ; free physical = 1076 ; free virtual = 12230
INFO: [Opt 31-140] Inserted 0 IBUFs to IO ports without IO buffers.
INFO: [Opt 31-141] Inserted 0 OBUFs to IO ports without IO buffers.
INFO: [Opt 31-138] Pushed 1 inverter(s) to 1 load pin(s).
Netlist sorting complete. Time (s): cpu = 00:00:00.02 ; elapsed = 00:00:00.02 . Memory (MB): peak = 1809.496 ; gain = 0.000 ; free physical = 1076 ; free virtual = 12230

Phase 2.1.1 IO Placement/ Clock Placement/ Build Placer Device

Phase 2.1.1.1 Pre-Place Cells
Phase 2.1.1.1 Pre-Place Cells | Checksum: 26d552cc

Time (s): cpu = 00:00:00.67 ; elapsed = 00:00:00.67 . Memory (MB): peak = 1809.496 ; gain = 0.000 ; free physical = 1076 ; free virtual = 12230
WARNING: [Constraints 18-1079] Register dbg_hub/inst/UUT_MASTER/U_ICON_INTERFACE/U_CMD6_RD/U_RD_FIFO/SUBCORE_FIFO.xsdbm_v1_0_rdfifo_inst/inst_fifo_gen/gconvfifo.rf/grf.rf/rstblk/ngwrdrst.grst.g7serrst.rd_rst_asreg_reg and dbg_hub/inst/UUT_MASTER/U_ICON_INTERFACE/U_CMD6_RD/U_RD_FIFO/SUBCORE_FIFO.xsdbm_v1_0_rdfifo_inst/inst_fifo_gen/gconvfifo.rf/grf.rf/rstblk/ngwrdrst.grst.g7serrst.rd_rst_asreg_d1_reg are from the same synchronizer and have the ASYNC_REG property set, but could not be placed into the same slice due to constraints or mismatched control signals on the registers.
WARNING: [Constraints 18-1079] Register dbg_hub/inst/UUT_MASTER/U_ICON_INTERFACE/U_CMD6_RD/U_RD_FIFO/SUBCORE_FIFO.xsdbm_v1_0_rdfifo_inst/inst_fifo_gen/gconvfifo.rf/grf.rf/rstblk/ngwrdrst.grst.g7serrst.wr_rst_asreg_reg and dbg_hub/inst/UUT_MASTER/U_ICON_INTERFACE/U_CMD6_RD/U_RD_FIFO/SUBCORE_FIFO.xsdbm_v1_0_rdfifo_inst/inst_fifo_gen/gconvfifo.rf/grf.rf/rstblk/ngwrdrst.grst.g7serrst.wr_rst_asreg_d1_reg are from the same synchronizer and have the ASYNC_REG property set, but could not be placed into the same slice due to constraints or mismatched control signals on the registers.
WARNING: [Constraints 18-1079] Register dbg_hub/inst/UUT_MASTER/U_ICON_INTERFACE/U_CMD6_WR/U_WR_FIFO/SUBCORE_FIFO.xsdbm_v1_0_wrfifo_inst/inst_fifo_gen/gconvfifo.rf/grf.rf/rstblk/ngwrdrst.grst.g7serrst.rd_rst_asreg_reg and dbg_hub/inst/UUT_MASTER/U_ICON_INTERFACE/U_CMD6_WR/U_WR_FIFO/SUBCORE_FIFO.xsdbm_v1_0_wrfifo_inst/inst_fifo_gen/gconvfifo.rf/grf.rf/rstblk/ngwrdrst.grst.g7serrst.rd_rst_asreg_d1_reg are from the same synchronizer and have the ASYNC_REG property set, but could not be placed into the same slice due to constraints or mismatched control signals on the registers.
WARNING: [Constraints 18-1079] Register dbg_hub/inst/UUT_MASTER/U_ICON_INTERFACE/U_CMD6_WR/U_WR_FIFO/SUBCORE_FIFO.xsdbm_v1_0_wrfifo_inst/inst_fifo_gen/gconvfifo.rf/grf.rf/rstblk/ngwrdrst.grst.g7serrst.wr_rst_asreg_reg and dbg_hub/inst/UUT_MASTER/U_ICON_INTERFACE/U_CMD6_WR/U_WR_FIFO/SUBCORE_FIFO.xsdbm_v1_0_wrfifo_inst/inst_fifo_gen/gconvfifo.rf/grf.rf/rstblk/ngwrdrst.grst.g7serrst.wr_rst_asreg_d1_reg are from the same synchronizer and have the ASYNC_REG property set, but could not be placed into the same slice due to constraints or mismatched control signals on the registers.
INFO: [Timing 38-35] Done setting XDC timing constraints.

Phase 2.1.1.2 IO & Clk Clean Up
Phase 2.1.1.2 IO & Clk Clean Up | Checksum: 26d552cc

Time (s): cpu = 00:00:05 ; elapsed = 00:00:03 . Memory (MB): peak = 1843.492 ; gain = 33.996 ; free physical = 1044 ; free virtual = 12198

Phase 2.1.1.3 Implementation Feasibility check On IDelay
Phase 2.1.1.3 Implementation Feasibility check On IDelay | Checksum: 26d552cc

Time (s): cpu = 00:00:05 ; elapsed = 00:00:03 . Memory (MB): peak = 1843.492 ; gain = 33.996 ; free physical = 1044 ; free virtual = 12198

Phase 2.1.1.4 Commit IO Placement
Phase 2.1.1.4 Commit IO Placement | Checksum: 19f4fd5c

Time (s): cpu = 00:00:05 ; elapsed = 00:00:03 . Memory (MB): peak = 1843.492 ; gain = 33.996 ; free physical = 1044 ; free virtual = 12198
Phase 2.1.1 IO Placement/ Clock Placement/ Build Placer Device | Checksum: 5e5e8c07

Time (s): cpu = 00:00:05 ; elapsed = 00:00:03 . Memory (MB): peak = 1843.492 ; gain = 33.996 ; free physical = 1044 ; free virtual = 12198

Phase 2.1.2 Build Placer Netlist Model

Phase 2.1.2.1 Place Init Design

Phase 2.1.2.1.1 Init Lut Pin Assignment
Phase 2.1.2.1.1 Init Lut Pin Assignment | Checksum: 80af5dc6

Time (s): cpu = 00:00:05 ; elapsed = 00:00:04 . Memory (MB): peak = 1843.492 ; gain = 33.996 ; free physical = 1044 ; free virtual = 12198
Phase 2.1.2.1 Place Init Design | Checksum: 6ea4a093

Time (s): cpu = 00:00:18 ; elapsed = 00:00:08 . Memory (MB): peak = 1843.492 ; gain = 33.996 ; free physical = 1044 ; free virtual = 12198
Phase 2.1.2 Build Placer Netlist Model | Checksum: 6ea4a093

Time (s): cpu = 00:00:18 ; elapsed = 00:00:08 . Memory (MB): peak = 1843.492 ; gain = 33.996 ; free physical = 1044 ; free virtual = 12198

Phase 2.1.3 Constrain Clocks/Macros

Phase 2.1.3.1 Constrain Global/Regional Clocks
Phase 2.1.3.1 Constrain Global/Regional Clocks | Checksum: 6ea4a093

Time (s): cpu = 00:00:18 ; elapsed = 00:00:08 . Memory (MB): peak = 1843.492 ; gain = 33.996 ; free physical = 1044 ; free virtual = 12198
Phase 2.1.3 Constrain Clocks/Macros | Checksum: 6ea4a093

Time (s): cpu = 00:00:18 ; elapsed = 00:00:08 . Memory (MB): peak = 1843.492 ; gain = 33.996 ; free physical = 1044 ; free virtual = 12198
Phase 2.1 Placer Initialization Core | Checksum: 6ea4a093

Time (s): cpu = 00:00:18 ; elapsed = 00:00:08 . Memory (MB): peak = 1843.492 ; gain = 33.996 ; free physical = 1044 ; free virtual = 12198
Phase 2 Placer Initialization | Checksum: 6ea4a093

Time (s): cpu = 00:00:18 ; elapsed = 00:00:08 . Memory (MB): peak = 1843.492 ; gain = 33.996 ; free physical = 1044 ; free virtual = 12198

Phase 3 Global Placement
Phase 3 Global Placement | Checksum: 7bfaf7cf

Time (s): cpu = 00:00:31 ; elapsed = 00:00:15 . Memory (MB): peak = 1875.508 ; gain = 66.012 ; free physical = 1043 ; free virtual = 12198

Phase 4 Detail Placement

Phase 4.1 Commit Multi Column Macros
Phase 4.1 Commit Multi Column Macros | Checksum: 7bfaf7cf

Time (s): cpu = 00:00:31 ; elapsed = 00:00:15 . Memory (MB): peak = 1875.508 ; gain = 66.012 ; free physical = 1043 ; free virtual = 12198

Phase 4.2 Commit Most Macros & LUTRAMs
Phase 4.2 Commit Most Macros & LUTRAMs | Checksum: 1a17b4d32

Time (s): cpu = 00:00:36 ; elapsed = 00:00:17 . Memory (MB): peak = 1875.508 ; gain = 66.012 ; free physical = 1035 ; free virtual = 12189

Phase 4.3 Area Swap Optimization
Phase 4.3 Area Swap Optimization | Checksum: 2176df936

Time (s): cpu = 00:00:36 ; elapsed = 00:00:17 . Memory (MB): peak = 1875.508 ; gain = 66.012 ; free physical = 1035 ; free virtual = 12189

Phase 4.4 updateClock Trees: DP
Phase 4.4 updateClock Trees: DP | Checksum: 2176df936

Time (s): cpu = 00:00:36 ; elapsed = 00:00:17 . Memory (MB): peak = 1875.508 ; gain = 66.012 ; free physical = 1035 ; free virtual = 12189

Phase 4.5 Timing Path Optimizer
Phase 4.5 Timing Path Optimizer | Checksum: 1978d7ec3

Time (s): cpu = 00:00:38 ; elapsed = 00:00:18 . Memory (MB): peak = 1875.508 ; gain = 66.012 ; free physical = 1035 ; free virtual = 12189

Phase 4.6 Small Shape Detail Placement

Phase 4.6.1 Commit Small Macros & Core Logic

Phase 4.6.1.1 setBudgets
Phase 4.6.1.1 setBudgets | Checksum: 1566ec341

Time (s): cpu = 00:00:38 ; elapsed = 00:00:18 . Memory (MB): peak = 1875.508 ; gain = 66.012 ; free physical = 1035 ; free virtual = 12189

Phase 4.6.1.2 Commit Slice Clusters
Phase 4.6.1.2 Commit Slice Clusters | Checksum: 1c7568405

Time (s): cpu = 00:00:40 ; elapsed = 00:00:20 . Memory (MB): peak = 1875.508 ; gain = 66.012 ; free physical = 1029 ; free virtual = 12183
Phase 4.6.1 Commit Small Macros & Core Logic | Checksum: 1c7568405

Time (s): cpu = 00:00:40 ; elapsed = 00:00:20 . Memory (MB): peak = 1875.508 ; gain = 66.012 ; free physical = 1029 ; free virtual = 12183

Phase 4.6.2 Clock Restriction Legalization for Leaf Columns
Phase 4.6.2 Clock Restriction Legalization for Leaf Columns | Checksum: 1c7568405

Time (s): cpu = 00:00:40 ; elapsed = 00:00:20 . Memory (MB): peak = 1875.508 ; gain = 66.012 ; free physical = 1029 ; free virtual = 12183

Phase 4.6.3 Clock Restriction Legalization for Non-Clock Pins
Phase 4.6.3 Clock Restriction Legalization for Non-Clock Pins | Checksum: 1c7568405

Time (s): cpu = 00:00:40 ; elapsed = 00:00:20 . Memory (MB): peak = 1875.508 ; gain = 66.012 ; free physical = 1029 ; free virtual = 12183
Phase 4.6 Small Shape Detail Placement | Checksum: 1c7568405

Time (s): cpu = 00:00:40 ; elapsed = 00:00:20 . Memory (MB): peak = 1875.508 ; gain = 66.012 ; free physical = 1029 ; free virtual = 12183

Phase 4.7 Re-assign LUT pins
Phase 4.7 Re-assign LUT pins | Checksum: 1c7568405

Time (s): cpu = 00:00:41 ; elapsed = 00:00:21 . Memory (MB): peak = 1875.508 ; gain = 66.012 ; free physical = 1029 ; free virtual = 12183
Phase 4 Detail Placement | Checksum: 1c7568405

Time (s): cpu = 00:00:41 ; elapsed = 00:00:21 . Memory (MB): peak = 1875.508 ; gain = 66.012 ; free physical = 1029 ; free virtual = 12183

Phase 5 Post Placement Optimization and Clean-Up

Phase 5.1 PCOPT Shape updates
Phase 5.1 PCOPT Shape updates | Checksum: 210b8a019

Time (s): cpu = 00:00:41 ; elapsed = 00:00:21 . Memory (MB): peak = 1875.508 ; gain = 66.012 ; free physical = 1029 ; free virtual = 12183

Phase 5.2 Post Commit Optimization

Phase 5.2.1 updateClock Trees: PCOPT
Phase 5.2.1 updateClock Trees: PCOPT | Checksum: 210b8a019

Time (s): cpu = 00:00:41 ; elapsed = 00:00:21 . Memory (MB): peak = 1875.508 ; gain = 66.012 ; free physical = 1029 ; free virtual = 12183

Phase 5.2.2 Post Placement Optimization

Phase 5.2.2.1 Post Placement Timing Optimization
INFO: [Place 30-746] Post Placement Timing Summary WNS=1.427. For the most accurate timing information please run report_timing.
Phase 5.2.2.1 Post Placement Timing Optimization | Checksum: 2483d952f

Time (s): cpu = 00:00:44 ; elapsed = 00:00:22 . Memory (MB): peak = 1875.508 ; gain = 66.012 ; free physical = 1029 ; free virtual = 12183
Phase 5.2.2 Post Placement Optimization | Checksum: 2483d952f

Time (s): cpu = 00:00:44 ; elapsed = 00:00:22 . Memory (MB): peak = 1875.508 ; gain = 66.012 ; free physical = 1029 ; free virtual = 12183
Phase 5.2 Post Commit Optimization | Checksum: 2483d952f

Time (s): cpu = 00:00:44 ; elapsed = 00:00:22 . Memory (MB): peak = 1875.508 ; gain = 66.012 ; free physical = 1029 ; free virtual = 12183

Phase 5.3 Sweep Clock Roots: Post-Placement
Phase 5.3 Sweep Clock Roots: Post-Placement | Checksum: 2483d952f

Time (s): cpu = 00:00:44 ; elapsed = 00:00:22 . Memory (MB): peak = 1875.508 ; gain = 66.012 ; free physical = 1029 ; free virtual = 12183

Phase 5.4 Post Placement Cleanup
Phase 5.4 Post Placement Cleanup | Checksum: 2483d952f

Time (s): cpu = 00:00:44 ; elapsed = 00:00:22 . Memory (MB): peak = 1875.508 ; gain = 66.012 ; free physical = 1029 ; free virtual = 12183

Phase 5.5 Placer Reporting

Phase 5.5.1 Restore STA
Phase 5.5.1 Restore STA | Checksum: 2483d952f

Time (s): cpu = 00:00:44 ; elapsed = 00:00:22 . Memory (MB): peak = 1875.508 ; gain = 66.012 ; free physical = 1029 ; free virtual = 12183
Phase 5.5 Placer Reporting | Checksum: 2483d952f

Time (s): cpu = 00:00:44 ; elapsed = 00:00:22 . Memory (MB): peak = 1875.508 ; gain = 66.012 ; free physical = 1029 ; free virtual = 12183

Phase 5.6 Final Placement Cleanup
Phase 5.6 Final Placement Cleanup | Checksum: 2c29200ef

Time (s): cpu = 00:00:44 ; elapsed = 00:00:22 . Memory (MB): peak = 1875.508 ; gain = 66.012 ; free physical = 1028 ; free virtual = 12183
Phase 5 Post Placement Optimization and Clean-Up | Checksum: 2c29200ef

Time (s): cpu = 00:00:44 ; elapsed = 00:00:22 . Memory (MB): peak = 1875.508 ; gain = 66.012 ; free physical = 1028 ; free virtual = 12183
Ending Placer Task | Checksum: 1d4966772

Time (s): cpu = 00:00:44 ; elapsed = 00:00:22 . Memory (MB): peak = 1875.508 ; gain = 66.012 ; free physical = 1028 ; free virtual = 12183
INFO: [Common 17-83] Releasing license: Implementation
50 Infos, 34 Warnings, 0 Critical Warnings and 0 Errors encountered.
place_design completed successfully
place_design: Time (s): cpu = 00:00:46 ; elapsed = 00:00:23 . Memory (MB): peak = 1875.508 ; gain = 66.023 ; free physical = 1028 ; free virtual = 12183
Writing placer database...
Writing XDEF routing.
Writing XDEF routing logical nets.
Writing XDEF routing special nets.
Write XDEF Complete: Time (s): cpu = 00:00:02 ; elapsed = 00:00:00.96 . Memory (MB): peak = 1875.508 ; gain = 0.000 ; free physical = 1018 ; free virtual = 12183
report_io: Time (s): cpu = 00:00:00.15 ; elapsed = 00:00:00.19 . Memory (MB): peak = 1875.508 ; gain = 0.000 ; free physical = 1025 ; free virtual = 12182
report_utilization: Time (s): cpu = 00:00:00.30 ; elapsed = 00:00:00.34 . Memory (MB): peak = 1875.508 ; gain = 0.000 ; free physical = 1025 ; free virtual = 12181
report_control_sets: Time (s): cpu = 00:00:00.09 ; elapsed = 00:00:00.10 . Memory (MB): peak = 1875.508 ; gain = 0.000 ; free physical = 1025 ; free virtual = 12181
Command: route_design
Attempting to get a license for feature 'Implementation' and/or device 'xc7a200t'
INFO: [Common 17-349] Got license for feature 'Implementation' and/or device 'xc7a200t'
Running DRC as a precondition to command route_design
INFO: [Drc 23-27] Running DRC with 4 threads
INFO: [Vivado_Tcl 4-198] DRC finished with 0 Errors
INFO: [Vivado_Tcl 4-199] Please refer to the DRC report (report_drc) for more information.


Starting Routing Task
INFO: [Route 35-254] Multithreading enabled for route_design using a maximum of 4 CPUs

Phase 1 Build RT Design
Phase 1 Build RT Design | Checksum: 7cc32dc2

Time (s): cpu = 00:00:55 ; elapsed = 00:00:43 . Memory (MB): peak = 2022.297 ; gain = 146.789 ; free physical = 871 ; free virtual = 12028

Phase 2 Router Initialization

Phase 2.1 Create Timer
Phase 2.1 Create Timer | Checksum: 7cc32dc2

Time (s): cpu = 00:00:55 ; elapsed = 00:00:43 . Memory (MB): peak = 2025.297 ; gain = 149.789 ; free physical = 870 ; free virtual = 12026

Phase 2.2 Pre Route Cleanup
Phase 2.2 Pre Route Cleanup | Checksum: 7cc32dc2

Time (s): cpu = 00:00:55 ; elapsed = 00:00:43 . Memory (MB): peak = 2043.297 ; gain = 167.789 ; free physical = 852 ; free virtual = 12009
 Number of Nodes with overlaps = 0

Phase 2.3 Update Timing
Phase 2.3 Update Timing | Checksum: cf023e92

Time (s): cpu = 00:01:02 ; elapsed = 00:00:47 . Memory (MB): peak = 2087.812 ; gain = 212.305 ; free physical = 807 ; free virtual = 11964
INFO: [Route 35-57] Estimated Timing Summary | WNS=1.65   | TNS=0      | WHS=-0.221 | THS=-252   |

Phase 2 Router Initialization | Checksum: 1531fe79b

Time (s): cpu = 00:01:04 ; elapsed = 00:00:47 . Memory (MB): peak = 2087.812 ; gain = 212.305 ; free physical = 807 ; free virtual = 11964

Phase 3 Initial Routing
Phase 3 Initial Routing | Checksum: 1efdd43f2

Time (s): cpu = 00:01:07 ; elapsed = 00:00:48 . Memory (MB): peak = 2087.812 ; gain = 212.305 ; free physical = 807 ; free virtual = 11964

Phase 4 Rip-up And Reroute

Phase 4.1 Global Iteration 0
 Number of Nodes with overlaps = 647
 Number of Nodes with overlaps = 34
 Number of Nodes with overlaps = 1
 Number of Nodes with overlaps = 1
 Number of Nodes with overlaps = 0

Phase 4.1.1 Update Timing
Phase 4.1.1 Update Timing | Checksum: 16e302bb5

Time (s): cpu = 00:01:13 ; elapsed = 00:00:50 . Memory (MB): peak = 2087.812 ; gain = 212.305 ; free physical = 807 ; free virtual = 11964
INFO: [Route 35-57] Estimated Timing Summary | WNS=1.96   | TNS=0      | WHS=N/A    | THS=N/A    |

Phase 4.1 Global Iteration 0 | Checksum: 19a4c11d9

Time (s): cpu = 00:01:13 ; elapsed = 00:00:51 . Memory (MB): peak = 2087.812 ; gain = 212.305 ; free physical = 807 ; free virtual = 11964
Phase 4 Rip-up And Reroute | Checksum: 19a4c11d9

Time (s): cpu = 00:01:14 ; elapsed = 00:00:51 . Memory (MB): peak = 2087.812 ; gain = 212.305 ; free physical = 807 ; free virtual = 11964

Phase 5 Delay CleanUp

Phase 5.1 Update Timing
Phase 5.1 Update Timing | Checksum: 130aee36e

Time (s): cpu = 00:01:14 ; elapsed = 00:00:51 . Memory (MB): peak = 2087.812 ; gain = 212.305 ; free physical = 807 ; free virtual = 11964
INFO: [Route 35-57] Estimated Timing Summary | WNS=1.96   | TNS=0      | WHS=N/A    | THS=N/A    |

Phase 5 Delay CleanUp | Checksum: 130aee36e

Time (s): cpu = 00:01:14 ; elapsed = 00:00:51 . Memory (MB): peak = 2087.812 ; gain = 212.305 ; free physical = 807 ; free virtual = 11964

Phase 6 Clock Skew Optimization
Phase 6 Clock Skew Optimization | Checksum: 130aee36e

Time (s): cpu = 00:01:14 ; elapsed = 00:00:51 . Memory (MB): peak = 2087.812 ; gain = 212.305 ; free physical = 807 ; free virtual = 11964

Phase 7 Post Hold Fix

Phase 7.1 Update Timing
Phase 7.1 Update Timing | Checksum: 104c14e4f

Time (s): cpu = 00:01:15 ; elapsed = 00:00:51 . Memory (MB): peak = 2087.812 ; gain = 212.305 ; free physical = 807 ; free virtual = 11964
INFO: [Route 35-57] Estimated Timing Summary | WNS=1.96   | TNS=0      | WHS=0.046  | THS=0      |

Phase 7 Post Hold Fix | Checksum: 183c4c42b

Time (s): cpu = 00:01:15 ; elapsed = 00:00:51 . Memory (MB): peak = 2087.812 ; gain = 212.305 ; free physical = 807 ; free virtual = 11964

Phase 8 Route finalize

Router Utilization Summary
  Global Vertical Routing Utilization    = 0.55206 %
  Global Horizontal Routing Utilization  = 0.758592 %
  Routable Net Status*
  *Does not include unroutable nets such as driverless and loadless.
  Run report_route_status for detailed report.
  Number of Failed Nets               = 0
  Number of Unrouted Nets             = 0
  Number of Partially Routed Nets     = 0
  Number of Node Overlaps             = 0

Phase 8 Route finalize | Checksum: 1ae73488e

Time (s): cpu = 00:01:16 ; elapsed = 00:00:51 . Memory (MB): peak = 2087.812 ; gain = 212.305 ; free physical = 807 ; free virtual = 11964

Phase 9 Verifying routed nets

 Verification completed successfully
Phase 9 Verifying routed nets | Checksum: 1ae73488e

Time (s): cpu = 00:01:16 ; elapsed = 00:00:51 . Memory (MB): peak = 2087.812 ; gain = 212.305 ; free physical = 807 ; free virtual = 11964

Phase 10 Depositing Routes
Phase 10 Depositing Routes | Checksum: 21a379d98

Time (s): cpu = 00:01:16 ; elapsed = 00:00:52 . Memory (MB): peak = 2087.812 ; gain = 212.305 ; free physical = 807 ; free virtual = 11964

Phase 11 Post Router Timing
INFO: [Route 35-57] Estimated Timing Summary | WNS=1.96   | TNS=0      | WHS=0.046  | THS=0      |

INFO: [Route 35-327] The final timing numbers are based on the router estimated timing analysis. For a complete and accurate timing signoff, please run report_timing_summary.
Phase 11 Post Router Timing | Checksum: 21a379d98

Time (s): cpu = 00:01:16 ; elapsed = 00:00:52 . Memory (MB): peak = 2087.812 ; gain = 212.305 ; free physical = 807 ; free virtual = 11964
INFO: [Route 35-16] Router Completed Successfully

Routing Is Done.

Time (s): cpu = 00:01:16 ; elapsed = 00:00:52 . Memory (MB): peak = 2087.812 ; gain = 212.305 ; free physical = 807 ; free virtual = 11964
INFO: [Common 17-83] Releasing license: Implementation
63 Infos, 34 Warnings, 0 Critical Warnings and 0 Errors encountered.
route_design completed successfully
route_design: Time (s): cpu = 00:01:18 ; elapsed = 00:00:53 . Memory (MB): peak = 2087.812 ; gain = 212.305 ; free physical = 807 ; free virtual = 11964
Writing placer database...
Writing XDEF routing.
Writing XDEF routing logical nets.
Writing XDEF routing special nets.
Write XDEF Complete: Time (s): cpu = 00:00:02 ; elapsed = 00:00:00.99 . Memory (MB): peak = 2087.812 ; gain = 0.000 ; free physical = 794 ; free virtual = 11964
INFO: [Drc 23-27] Running DRC with 4 threads
INFO: [Coretcl 2-168] The results of DRC are in file /home/kjell/fpga_dev/fpga_mcu_main/proj/mcu_main/mcu_main.runs/impl_1/top_level_drc_routed.rpt.
INFO: [Timing 38-91] UpdateTimingParams: Speed grade: -2, Delay Type: min_max.
INFO: [Timing 38-191] Multithreading enabled for timing update using a maximum of 4 CPUs
Running Vector-less Activity Propagation...

Finished Running Vector-less Activity Propagation
Attempting to get a license for feature 'Implementation' and/or device 'xc7a200t'
INFO: [Common 17-349] Got license for feature 'Implementation' and/or device 'xc7a200t'
Running DRC as a precondition to command write_bitstream
INFO: [Drc 23-27] Running DRC with 4 threads
INFO: [Vivado 12-3199] DRC finished with 0 Errors
INFO: [Vivado 12-3200] Please refer to the DRC report (report_drc) for more information.
INFO: [Memdata 28-144] Successfully populated the BRAM INIT strings from the following elf files: /home/kjell/fpga_dev/fpga_mcu_main/proj/mcu_main/mcu_main.srcs/sources_1/ipshared/xilinx.com/microblaze_v9_4/e11bcbd5/data/mb_bootloop_le.elf 
Loading data files...
Loading site data...
Loading route data...
Processing options...
Creating bitmap...
Creating bitstream...
Writing bitstream ./top_level.bit...
INFO: [Vivado 12-1842] Bitgen Completed Successfully.
INFO: [Project 1-118] WebTalk data collection is enabled (User setting is ON. Install Setting is ON.).
INFO: [Common 17-83] Releasing license: Implementation
write_bitstream: Time (s): cpu = 00:00:46 ; elapsed = 00:00:48 . Memory (MB): peak = 2398.316 ; gain = 310.504 ; free physical = 462 ; free virtual = 11633
bdTcl: /home/kjell/fpga_dev/fpga_mcu_main/proj/mcu_main/mcu_main.runs/impl_1/.Xil/Vivado-49239-ubuntu/HWH/mcu_bd.tcl
INFO: [Common 17-206] Exiting Vivado at Tue Feb 24 22:40:55 2015...
