Copyright 1986-2014 Xilinx, Inc. All Rights Reserved.
------------------------------------------------------------------------------------
| Tool Version : Vivado v.2014.4 (lin64) Build 1071353 Tue Nov 18 16:47:07 MST 2014
| Date         : Tue Feb 24 22:38:40 2015
| Host         : ubuntu running 64-bit Ubuntu 14.04.1 LTS
| Command      : report_drc
------------------------------------------------------------------------------------

Report DRC

Table of Contents
-----------------
1. REPORT SUMMARY
2. REPORT DETAILS

1. REPORT SUMMARY
-----------------
            Netlist: netlist
          Floorplan: checkpoint_top_level
      Design limits: <entire design considered>
           Ruledeck: default
           Max violations: <unlimited>
         Violations found: 0

2. REPORT DETAILS
-----------------

